<?xml version="1.0" encoding="UTF-8"?>
<testsuite xmlns:xsi="http://www.w3.org/2001/XMLSchema-instance" xsi:noNamespaceSchemaLocation="https://maven.apache.org/surefire/maven-surefire-plugin/xsd/surefire-test-report-3.0.xsd" version="3.0" name="org.biojava.nbio.core.alignment.SimpleProfileTest" time="0.564" tests="54" errors="0" skipped="1" failures="0">
  <properties>
    <property name="java.specification.version" value="13"/>
    <property name="sun.jnu.encoding" value="UTF-8"/>
    <property name="java.class.path" value="/Users/kunduzb17/biojava/biojava-core/target/test-classes:/Users/kunduzb17/biojava/biojava-core/target/classes:/Users/kunduzb17/.m2/repository/junit/junit/4.12/junit-4.12.jar:/Users/kunduzb17/.m2/repository/org/hamcrest/hamcrest-core/1.3/hamcrest-core-1.3.jar:/Users/kunduzb17/.m2/repository/org/slf4j/slf4j-api/1.7.30/slf4j-api-1.7.30.jar:/Users/kunduzb17/.m2/repository/org/apache/logging/log4j/log4j-slf4j-impl/2.13.1/log4j-slf4j-impl-2.13.1.jar:/Users/kunduzb17/.m2/repository/org/apache/logging/log4j/log4j-api/2.13.1/log4j-api-2.13.1.jar:/Users/kunduzb17/.m2/repository/org/apache/logging/log4j/log4j-core/2.13.1/log4j-core-2.13.1.jar:"/>
    <property name="java.vm.vendor" value="Oracle Corporation"/>
    <property name="sun.arch.data.model" value="64"/>
    <property name="java.vendor.url" value="https://openjdk.java.net/"/>
    <property name="os.name" value="Mac OS X"/>
    <property name="java.vm.specification.version" value="13"/>
    <property name="sun.java.launcher" value="SUN_STANDARD"/>
    <property name="user.country" value="KR"/>
    <property name="sun.boot.library.path" value="/usr/local/Cellar/openjdk/13.0.2+8_2/libexec/openjdk.jdk/Contents/Home/lib"/>
    <property name="sun.java.command" value="/Users/kunduzb17/biojava/biojava-core/target/surefire/surefirebooter424901973373424183.jar /Users/kunduzb17/biojava/biojava-core/target/surefire 2020-04-28T13-00-13_856-jvmRun1 surefire5010258610311214796tmp surefire_109814087718579284878tmp"/>
    <property name="http.nonProxyHosts" value="local|*.local|169.254/16|*.169.254/16|localhost|*.localhost|lx.astxsvc.com|*.lx.astxsvc.com|127.0.0.1:21300|*.127.0.0.1:21300"/>
    <property name="jdk.debug" value="release"/>
    <property name="surefire.test.class.path" value="/Users/kunduzb17/biojava/biojava-core/target/test-classes:/Users/kunduzb17/biojava/biojava-core/target/classes:/Users/kunduzb17/.m2/repository/junit/junit/4.12/junit-4.12.jar:/Users/kunduzb17/.m2/repository/org/hamcrest/hamcrest-core/1.3/hamcrest-core-1.3.jar:/Users/kunduzb17/.m2/repository/org/slf4j/slf4j-api/1.7.30/slf4j-api-1.7.30.jar:/Users/kunduzb17/.m2/repository/org/apache/logging/log4j/log4j-slf4j-impl/2.13.1/log4j-slf4j-impl-2.13.1.jar:/Users/kunduzb17/.m2/repository/org/apache/logging/log4j/log4j-api/2.13.1/log4j-api-2.13.1.jar:/Users/kunduzb17/.m2/repository/org/apache/logging/log4j/log4j-core/2.13.1/log4j-core-2.13.1.jar:"/>
    <property name="sun.cpu.endian" value="little"/>
    <property name="user.home" value="/Users/kunduzb17"/>
    <property name="user.language" value="en"/>
    <property name="java.specification.vendor" value="Oracle Corporation"/>
    <property name="java.version.date" value="2020-01-14"/>
    <property name="java.home" value="/usr/local/Cellar/openjdk/13.0.2+8_2/libexec/openjdk.jdk/Contents/Home"/>
    <property name="file.separator" value="/"/>
    <property name="basedir" value="/Users/kunduzb17/biojava/biojava-core"/>
    <property name="java.vm.compressedOopsMode" value="Zero based"/>
    <property name="line.separator" value="&#10;"/>
    <property name="java.specification.name" value="Java Platform API Specification"/>
    <property name="java.vm.specification.vendor" value="Oracle Corporation"/>
    <property name="surefire.real.class.path" value="/Users/kunduzb17/biojava/biojava-core/target/surefire/surefirebooter424901973373424183.jar"/>
    <property name="sun.management.compiler" value="HotSpot 64-Bit Tiered Compilers"/>
    <property name="ftp.nonProxyHosts" value="local|*.local|169.254/16|*.169.254/16|localhost|*.localhost|lx.astxsvc.com|*.lx.astxsvc.com|127.0.0.1:21300|*.127.0.0.1:21300"/>
    <property name="java.runtime.version" value="13.0.2+8"/>
    <property name="user.name" value="kunduzb17"/>
    <property name="path.separator" value=":"/>
    <property name="os.version" value="10.15.1"/>
    <property name="java.runtime.name" value="OpenJDK Runtime Environment"/>
    <property name="file.encoding" value="UTF-8"/>
    <property name="java.vm.name" value="OpenJDK 64-Bit Server VM"/>
    <property name="localRepository" value="/Users/kunduzb17/.m2/repository"/>
    <property name="java.vendor.url.bug" value="https://bugreport.java.com/bugreport/"/>
    <property name="java.io.tmpdir" value="/var/folders/46/scs1gqg90b1fjt9knwvzd9kw0000gn/T/"/>
    <property name="java.version" value="13.0.2"/>
    <property name="user.dir" value="/Users/kunduzb17/biojava/biojava-core"/>
    <property name="os.arch" value="x86_64"/>
    <property name="java.vm.specification.name" value="Java Virtual Machine Specification"/>
    <property name="java.library.path" value="/Users/kunduzb17/Library/Java/Extensions:/Library/Java/Extensions:/Network/Library/Java/Extensions:/System/Library/Java/Extensions:/usr/lib/java:."/>
    <property name="java.vm.info" value="mixed mode, sharing"/>
    <property name="java.vendor" value="N/A"/>
    <property name="java.vm.version" value="13.0.2+8"/>
    <property name="sun.io.unicode.encoding" value="UnicodeBig"/>
    <property name="socksNonProxyHosts" value="local|*.local|169.254/16|*.169.254/16|localhost|*.localhost|lx.astxsvc.com|*.lx.astxsvc.com|127.0.0.1:21300|*.127.0.0.1:21300"/>
    <property name="java.class.version" value="57.0"/>
  </properties>
  <testcase name="testGetIndexOf" classname="org.biojava.nbio.core.alignment.SimpleProfileTest" time="0.434"/>
  <testcase name="testGetCompoundAtSIntOutOfBounds" classname="org.biojava.nbio.core.alignment.SimpleProfileTest" time="0.001"/>
  <testcase name="testGetAlignedSequenceInt" classname="org.biojava.nbio.core.alignment.SimpleProfileTest" time="0.001"/>
  <testcase name="testToStringInt" classname="org.biojava.nbio.core.alignment.SimpleProfileTest" time="0.007"/>
  <testcase name="testToString" classname="org.biojava.nbio.core.alignment.SimpleProfileTest" time="0.001"/>
  <testcase name="testToStringFormatted" classname="org.biojava.nbio.core.alignment.SimpleProfileTest" time="0.015"/>
  <testcase name="testSimpleProfile" classname="org.biojava.nbio.core.alignment.SimpleProfileTest" time="0"/>
  <testcase name="testGetSize" classname="org.biojava.nbio.core.alignment.SimpleProfileTest" time="0"/>
  <testcase name="testGetAlignedSequenceS" classname="org.biojava.nbio.core.alignment.SimpleProfileTest" time="0"/>
  <testcase name="testGetAlignedSequences" classname="org.biojava.nbio.core.alignment.SimpleProfileTest" time="0"/>
  <testcase name="testGetOriginalSequences" classname="org.biojava.nbio.core.alignment.SimpleProfileTest" time="0"/>
  <testcase name="testGetSubProfile" classname="org.biojava.nbio.core.alignment.SimpleProfileTest" time="0">
    <skipped/>
  </testcase>
  <testcase name="testGetCompoundAtSInt" classname="org.biojava.nbio.core.alignment.SimpleProfileTest" time="0"/>
  <testcase name="testGetAlignedSequencesSArray" classname="org.biojava.nbio.core.alignment.SimpleProfileTest" time="0"/>
  <testcase name="testGetIndicesAt" classname="org.biojava.nbio.core.alignment.SimpleProfileTest" time="0.001"/>
  <testcase name="testGetAlignedSequenceIntOutOfBounds" classname="org.biojava.nbio.core.alignment.SimpleProfileTest" time="0.001"/>
  <testcase name="testGetAlignedSequencesIntArray" classname="org.biojava.nbio.core.alignment.SimpleProfileTest" time="0.001"/>
  <testcase name="testGetCompoundAtIntInt" classname="org.biojava.nbio.core.alignment.SimpleProfileTest" time="0"/>
  <testcase name="testGetCompoundAtIntIntOutOfBounds" classname="org.biojava.nbio.core.alignment.SimpleProfileTest" time="0.001"/>
  <testcase name="testGetLength" classname="org.biojava.nbio.core.alignment.SimpleProfileTest" time="0"/>
  <testcase name="testGetCompoundsAtOutOfBounds" classname="org.biojava.nbio.core.alignment.SimpleProfileTest" time="0"/>
  <testcase name="testIsCircular" classname="org.biojava.nbio.core.alignment.SimpleProfileTest" time="0.001"/>
  <testcase name="testGetCompoundsAtOutOfBounds2" classname="org.biojava.nbio.core.alignment.SimpleProfileTest" time="0"/>
  <testcase name="testGetCompoundsAtOutOfBounds3" classname="org.biojava.nbio.core.alignment.SimpleProfileTest" time="0"/>
  <testcase name="testGetCompoundsAtOutOfBounds4" classname="org.biojava.nbio.core.alignment.SimpleProfileTest" time="0.001"/>
  <testcase name="testGetCompoundsAtOutOfBounds5" classname="org.biojava.nbio.core.alignment.SimpleProfileTest" time="0"/>
  <testcase name="testGetCompoundsAtOutOfBounds6" classname="org.biojava.nbio.core.alignment.SimpleProfileTest" time="0.001"/>
  <testcase name="testGetIndicesAtOutOfBounds2" classname="org.biojava.nbio.core.alignment.SimpleProfileTest" time="0"/>
  <testcase name="testGetIndicesAtOutOfBounds3" classname="org.biojava.nbio.core.alignment.SimpleProfileTest" time="0"/>
  <testcase name="testGetIndicesAtOutOfBounds4" classname="org.biojava.nbio.core.alignment.SimpleProfileTest" time="0.001"/>
  <testcase name="testGetIndicesAtOutOfBounds5" classname="org.biojava.nbio.core.alignment.SimpleProfileTest" time="0"/>
  <testcase name="testGetIndicesAtOutOfBounds6" classname="org.biojava.nbio.core.alignment.SimpleProfileTest" time="0"/>
  <testcase name="testGetAlignedSequenceIntOutOfBounds2" classname="org.biojava.nbio.core.alignment.SimpleProfileTest" time="0"/>
  <testcase name="testGetAlignedSequenceIntOutOfBounds3" classname="org.biojava.nbio.core.alignment.SimpleProfileTest" time="0"/>
  <testcase name="testGetAlignedSequenceIntOutOfBounds4" classname="org.biojava.nbio.core.alignment.SimpleProfileTest" time="0.001"/>
  <testcase name="testGetAlignedSequenceIntOutOfBounds5" classname="org.biojava.nbio.core.alignment.SimpleProfileTest" time="0"/>
  <testcase name="testGetAlignedSequenceIntOutOfBounds6" classname="org.biojava.nbio.core.alignment.SimpleProfileTest" time="0"/>
  <testcase name="testGetCompoundSet" classname="org.biojava.nbio.core.alignment.SimpleProfileTest" time="0"/>
  <testcase name="testGetCompoundsAt" classname="org.biojava.nbio.core.alignment.SimpleProfileTest" time="0"/>
  <testcase name="testGetCompoundAtSIntOutOfBounds2" classname="org.biojava.nbio.core.alignment.SimpleProfileTest" time="0"/>
  <testcase name="testGetCompoundAtSIntOutOfBounds3" classname="org.biojava.nbio.core.alignment.SimpleProfileTest" time="0"/>
  <testcase name="testGetCompoundAtSIntOutOfBounds4" classname="org.biojava.nbio.core.alignment.SimpleProfileTest" time="0"/>
  <testcase name="testGetCompoundAtSIntOutOfBounds5" classname="org.biojava.nbio.core.alignment.SimpleProfileTest" time="0"/>
  <testcase name="testIterator" classname="org.biojava.nbio.core.alignment.SimpleProfileTest" time="0"/>
  <testcase name="testGetLastIndexOf" classname="org.biojava.nbio.core.alignment.SimpleProfileTest" time="0.001"/>
  <testcase name="testGetCompoundAtIntIntOutOfBounds2" classname="org.biojava.nbio.core.alignment.SimpleProfileTest" time="0.001"/>
  <testcase name="testGetCompoundAtIntIntOutOfBounds3" classname="org.biojava.nbio.core.alignment.SimpleProfileTest" time="0"/>
  <testcase name="testGetCompoundAtIntIntOutOfBounds4" classname="org.biojava.nbio.core.alignment.SimpleProfileTest" time="0.001"/>
  <testcase name="testGetCompoundAtIntIntOutOfBounds5" classname="org.biojava.nbio.core.alignment.SimpleProfileTest" time="0"/>
  <testcase name="testGetCompoundAtIntIntOutOfBounds6" classname="org.biojava.nbio.core.alignment.SimpleProfileTest" time="0.001"/>
  <testcase name="testGetCompoundAtIntIntOutOfBounds7" classname="org.biojava.nbio.core.alignment.SimpleProfileTest" time="0"/>
  <testcase name="testGetCompoundAtIntIntOutOfBounds8" classname="org.biojava.nbio.core.alignment.SimpleProfileTest" time="0"/>
  <testcase name="testGetCompoundAtIntIntOutOfBounds9" classname="org.biojava.nbio.core.alignment.SimpleProfileTest" time="0"/>
  <testcase name="testGetIndicesAtOutOfBounds" classname="org.biojava.nbio.core.alignment.SimpleProfileTest" time="0"/>
</testsuite>