<?xml version="1.0" encoding="UTF-8"?>
<testsuite xmlns:xsi="http://www.w3.org/2001/XMLSchema-instance" xsi:noNamespaceSchemaLocation="https://maven.apache.org/surefire/maven-surefire-plugin/xsd/surefire-test-report-3.0.xsd" version="3.0" name="org.biojava.nbio.core.alignment.SimpleSequencePairTest" time="0.606" tests="35" errors="0" skipped="0" failures="0">
  <properties>
    <property name="java.specification.version" value="13"/>
    <property name="sun.jnu.encoding" value="UTF-8"/>
    <property name="java.class.path" value="/Users/kunduzb17/biojava/biojava-core/target/test-classes:/Users/kunduzb17/biojava/biojava-core/target/classes:/Users/kunduzb17/.m2/repository/junit/junit/4.12/junit-4.12.jar:/Users/kunduzb17/.m2/repository/org/hamcrest/hamcrest-core/1.3/hamcrest-core-1.3.jar:/Users/kunduzb17/.m2/repository/org/slf4j/slf4j-api/1.7.30/slf4j-api-1.7.30.jar:/Users/kunduzb17/.m2/repository/org/apache/logging/log4j/log4j-slf4j-impl/2.13.1/log4j-slf4j-impl-2.13.1.jar:/Users/kunduzb17/.m2/repository/org/apache/logging/log4j/log4j-api/2.13.1/log4j-api-2.13.1.jar:/Users/kunduzb17/.m2/repository/org/apache/logging/log4j/log4j-core/2.13.1/log4j-core-2.13.1.jar:"/>
    <property name="java.vm.vendor" value="Oracle Corporation"/>
    <property name="sun.arch.data.model" value="64"/>
    <property name="java.vendor.url" value="https://openjdk.java.net/"/>
    <property name="os.name" value="Mac OS X"/>
    <property name="java.vm.specification.version" value="13"/>
    <property name="sun.java.launcher" value="SUN_STANDARD"/>
    <property name="user.country" value="KR"/>
    <property name="sun.boot.library.path" value="/usr/local/Cellar/openjdk/13.0.2+8_2/libexec/openjdk.jdk/Contents/Home/lib"/>
    <property name="sun.java.command" value="/Users/kunduzb17/biojava/biojava-core/target/surefire/surefirebooter13975851043069642445.jar /Users/kunduzb17/biojava/biojava-core/target/surefire 2020-04-28T13-00-13_856-jvmRun1 surefire16734762793070149469tmp surefire_812684150152232606697tmp"/>
    <property name="http.nonProxyHosts" value="local|*.local|169.254/16|*.169.254/16|localhost|*.localhost|lx.astxsvc.com|*.lx.astxsvc.com|127.0.0.1:21300|*.127.0.0.1:21300"/>
    <property name="jdk.debug" value="release"/>
    <property name="surefire.test.class.path" value="/Users/kunduzb17/biojava/biojava-core/target/test-classes:/Users/kunduzb17/biojava/biojava-core/target/classes:/Users/kunduzb17/.m2/repository/junit/junit/4.12/junit-4.12.jar:/Users/kunduzb17/.m2/repository/org/hamcrest/hamcrest-core/1.3/hamcrest-core-1.3.jar:/Users/kunduzb17/.m2/repository/org/slf4j/slf4j-api/1.7.30/slf4j-api-1.7.30.jar:/Users/kunduzb17/.m2/repository/org/apache/logging/log4j/log4j-slf4j-impl/2.13.1/log4j-slf4j-impl-2.13.1.jar:/Users/kunduzb17/.m2/repository/org/apache/logging/log4j/log4j-api/2.13.1/log4j-api-2.13.1.jar:/Users/kunduzb17/.m2/repository/org/apache/logging/log4j/log4j-core/2.13.1/log4j-core-2.13.1.jar:"/>
    <property name="sun.cpu.endian" value="little"/>
    <property name="user.home" value="/Users/kunduzb17"/>
    <property name="user.language" value="en"/>
    <property name="java.specification.vendor" value="Oracle Corporation"/>
    <property name="java.version.date" value="2020-01-14"/>
    <property name="java.home" value="/usr/local/Cellar/openjdk/13.0.2+8_2/libexec/openjdk.jdk/Contents/Home"/>
    <property name="file.separator" value="/"/>
    <property name="basedir" value="/Users/kunduzb17/biojava/biojava-core"/>
    <property name="java.vm.compressedOopsMode" value="Zero based"/>
    <property name="line.separator" value="&#10;"/>
    <property name="java.specification.name" value="Java Platform API Specification"/>
    <property name="java.vm.specification.vendor" value="Oracle Corporation"/>
    <property name="surefire.real.class.path" value="/Users/kunduzb17/biojava/biojava-core/target/surefire/surefirebooter13975851043069642445.jar"/>
    <property name="sun.management.compiler" value="HotSpot 64-Bit Tiered Compilers"/>
    <property name="ftp.nonProxyHosts" value="local|*.local|169.254/16|*.169.254/16|localhost|*.localhost|lx.astxsvc.com|*.lx.astxsvc.com|127.0.0.1:21300|*.127.0.0.1:21300"/>
    <property name="java.runtime.version" value="13.0.2+8"/>
    <property name="user.name" value="kunduzb17"/>
    <property name="path.separator" value=":"/>
    <property name="os.version" value="10.15.1"/>
    <property name="java.runtime.name" value="OpenJDK Runtime Environment"/>
    <property name="file.encoding" value="UTF-8"/>
    <property name="java.vm.name" value="OpenJDK 64-Bit Server VM"/>
    <property name="localRepository" value="/Users/kunduzb17/.m2/repository"/>
    <property name="java.vendor.url.bug" value="https://bugreport.java.com/bugreport/"/>
    <property name="java.io.tmpdir" value="/var/folders/46/scs1gqg90b1fjt9knwvzd9kw0000gn/T/"/>
    <property name="java.version" value="13.0.2"/>
    <property name="user.dir" value="/Users/kunduzb17/biojava/biojava-core"/>
    <property name="os.arch" value="x86_64"/>
    <property name="java.vm.specification.name" value="Java Virtual Machine Specification"/>
    <property name="java.library.path" value="/Users/kunduzb17/Library/Java/Extensions:/Library/Java/Extensions:/Network/Library/Java/Extensions:/System/Library/Java/Extensions:/usr/lib/java:."/>
    <property name="java.vm.info" value="mixed mode, sharing"/>
    <property name="java.vendor" value="N/A"/>
    <property name="java.vm.version" value="13.0.2+8"/>
    <property name="sun.io.unicode.encoding" value="UnicodeBig"/>
    <property name="socksNonProxyHosts" value="local|*.local|169.254/16|*.169.254/16|localhost|*.localhost|lx.astxsvc.com|*.lx.astxsvc.com|127.0.0.1:21300|*.127.0.0.1:21300"/>
    <property name="java.class.version" value="57.0"/>
  </properties>
  <testcase name="testGetIndexInQueryForTargetAtOutOfBounds" classname="org.biojava.nbio.core.alignment.SimpleSequencePairTest" time="0.512"/>
  <testcase name="testGetIndexInTargetForQueryAtOutOfBounds2" classname="org.biojava.nbio.core.alignment.SimpleSequencePairTest" time="0.001"/>
  <testcase name="testGetIndexInTargetForQueryAtOutOfBounds3" classname="org.biojava.nbio.core.alignment.SimpleSequencePairTest" time="0"/>
  <testcase name="testGetIndexInTargetForQueryAtOutOfBounds4" classname="org.biojava.nbio.core.alignment.SimpleSequencePairTest" time="0"/>
  <testcase name="testGetQuery" classname="org.biojava.nbio.core.alignment.SimpleSequencePairTest" time="0.002"/>
  <testcase name="testGetIndexInTargetForQueryAtOutOfBounds" classname="org.biojava.nbio.core.alignment.SimpleSequencePairTest" time="0"/>
  <testcase name="testGetIndexInTargetAt" classname="org.biojava.nbio.core.alignment.SimpleSequencePairTest" time="0"/>
  <testcase name="testGetIndexInQueryForTargetAtOutOfBounds2" classname="org.biojava.nbio.core.alignment.SimpleSequencePairTest" time="0"/>
  <testcase name="testGetIndexInQueryForTargetAtOutOfBounds3" classname="org.biojava.nbio.core.alignment.SimpleSequencePairTest" time="0"/>
  <testcase name="testGetIndexInQueryForTargetAtOutOfBounds4" classname="org.biojava.nbio.core.alignment.SimpleSequencePairTest" time="0.001"/>
  <testcase name="testGetCompoundInQueryAtOutOfBounds" classname="org.biojava.nbio.core.alignment.SimpleSequencePairTest" time="0"/>
  <testcase name="testGetIndexInQueryAtOutOfBounds" classname="org.biojava.nbio.core.alignment.SimpleSequencePairTest" time="0.001"/>
  <testcase name="testGetCompoundInQueryAt" classname="org.biojava.nbio.core.alignment.SimpleSequencePairTest" time="0"/>
  <testcase name="testGetIndexInQueryAtOutOfBounds2" classname="org.biojava.nbio.core.alignment.SimpleSequencePairTest" time="0"/>
  <testcase name="testGetIndexInQueryAtOutOfBounds3" classname="org.biojava.nbio.core.alignment.SimpleSequencePairTest" time="0"/>
  <testcase name="testGetIndexInQueryAtOutOfBounds4" classname="org.biojava.nbio.core.alignment.SimpleSequencePairTest" time="0"/>
  <testcase name="testGetIndexInQueryForTargetAt" classname="org.biojava.nbio.core.alignment.SimpleSequencePairTest" time="0.001"/>
  <testcase name="testGetIndexInTargetAtOutOfBounds" classname="org.biojava.nbio.core.alignment.SimpleSequencePairTest" time="0"/>
  <testcase name="testGetNumIdenticals" classname="org.biojava.nbio.core.alignment.SimpleSequencePairTest" time="0"/>
  <testcase name="testGetIndexInTargetForQueryAt" classname="org.biojava.nbio.core.alignment.SimpleSequencePairTest" time="0.001"/>
  <testcase name="testGetIndexInTargetAtOutOfBounds2" classname="org.biojava.nbio.core.alignment.SimpleSequencePairTest" time="0"/>
  <testcase name="testGetIndexInTargetAtOutOfBounds3" classname="org.biojava.nbio.core.alignment.SimpleSequencePairTest" time="0"/>
  <testcase name="testGetIndexInTargetAtOutOfBounds4" classname="org.biojava.nbio.core.alignment.SimpleSequencePairTest" time="0"/>
  <testcase name="testGetCompoundInTargetAt" classname="org.biojava.nbio.core.alignment.SimpleSequencePairTest" time="0"/>
  <testcase name="testGetIndexInQueryAt" classname="org.biojava.nbio.core.alignment.SimpleSequencePairTest" time="0"/>
  <testcase name="testGetCompoundInQueryAtOutOfBounds2" classname="org.biojava.nbio.core.alignment.SimpleSequencePairTest" time="0.001"/>
  <testcase name="testGetCompoundInQueryAtOutOfBounds3" classname="org.biojava.nbio.core.alignment.SimpleSequencePairTest" time="0"/>
  <testcase name="testGetCompoundInQueryAtOutOfBounds4" classname="org.biojava.nbio.core.alignment.SimpleSequencePairTest" time="0"/>
  <testcase name="testGetTarget" classname="org.biojava.nbio.core.alignment.SimpleSequencePairTest" time="0"/>
  <testcase name="testGetCompoundInTargetAtOutOfBounds" classname="org.biojava.nbio.core.alignment.SimpleSequencePairTest" time="0.001"/>
  <testcase name="testGetNumSimilars" classname="org.biojava.nbio.core.alignment.SimpleSequencePairTest" time="0.001"/>
  <testcase name="testGetCompoundInTargetAtOutOfBounds2" classname="org.biojava.nbio.core.alignment.SimpleSequencePairTest" time="0"/>
  <testcase name="testGetCompoundInTargetAtOutOfBounds3" classname="org.biojava.nbio.core.alignment.SimpleSequencePairTest" time="0.001"/>
  <testcase name="testGetCompoundInTargetAtOutOfBounds4" classname="org.biojava.nbio.core.alignment.SimpleSequencePairTest" time="0"/>
  <testcase name="testGetPercentageOfIdentity" classname="org.biojava.nbio.core.alignment.SimpleSequencePairTest" time="0"/>
</testsuite>